<?xml version="1.0" encoding="UTF-8"?>
<testsuite name="com.rs.dao.LoginDAOTest" tests="2" skipped="0" failures="0" errors="0" timestamp="2018-02-16T19:33:22" hostname="Sri-PC" time="0.012">
  <properties/>
  <testcase name="testCheckLoginWithInValidCredentials" classname="com.rs.dao.LoginDAOTest" time="0.006"/>
  <testcase name="testCheckLoginWithValidCredentials" classname="com.rs.dao.LoginDAOTest" time="0.001"/>
  <system-out><![CDATA[RootConfig: 0-param constr
Ramesh 1asd
Ramesh 1234
]]></system-out>
  <system-err><![CDATA[Feb 17, 2018 1:03:20 AM org.springframework.test.context.support.DefaultTestContextBootstrapper getDefaultTestExecutionListenerClassNames
INFO: Loaded default TestExecutionListener class names from location [META-INF/spring.factories]: [org.springframework.test.context.web.ServletTestExecutionListener, org.springframework.test.context.support.DirtiesContextBeforeModesTestExecutionListener, org.springframework.test.context.support.DependencyInjectionTestExecutionListener, org.springframework.test.context.support.DirtiesContextTestExecutionListener, org.springframework.test.context.transaction.TransactionalTestExecutionListener, org.springframework.test.context.jdbc.SqlScriptsTestExecutionListener]
Feb 17, 2018 1:03:21 AM org.springframework.test.context.support.DefaultTestContextBootstrapper getTestExecutionListeners
INFO: Using TestExecutionListeners: [org.springframework.test.context.web.ServletTestExecutionListener@86f55c7, org.springframework.test.context.support.DirtiesContextBeforeModesTestExecutionListener@ce90624, org.springframework.test.context.support.DependencyInjectionTestExecutionListener@510edc36, org.springframework.test.context.support.DirtiesContextTestExecutionListener@5a908728, org.springframework.test.context.transaction.TransactionalTestExecutionListener@28a330d0, org.springframework.test.context.jdbc.SqlScriptsTestExecutionListener@6c3fcbc6]
Feb 17, 2018 1:03:21 AM org.springframework.context.support.GenericApplicationContext prepareRefresh
INFO: Refreshing org.springframework.context.support.GenericApplicationContext@7e6a641b: startup date [Sat Feb 17 01:03:21 IST 2018]; root of context hierarchy
]]></system-err>
</testsuite>
